[06/26/23 01:47:46] crowsnest: crowsnest - A webcam Service for multiple Cams and Stream Services.
[06/26/23 01:47:46] crowsnest: Version: v3.0.7-4-g0bdc1bc
[06/26/23 01:47:46] crowsnest: Prepare Startup ...
[06/26/23 01:47:46] crowsnest: INFO: Host information:
[06/26/23 01:47:46] crowsnest: Host Info: Distribution: Raspbian GNU/Linux 10 (buster)
[06/26/23 01:47:46] crowsnest: Host Info: Release: MainsailOS release 0.7.1 (buster)
[06/26/23 01:47:46] crowsnest: Host Info: Kernel: Linux 5.10.103-v7l+ armv7l
[06/26/23 01:47:47] crowsnest: Host Info: Model: Raspberry Pi 4 Model B Rev 1.5
[06/26/23 01:47:47] crowsnest: Host Info: Available CPU Cores: 4
[06/26/23 01:47:47] crowsnest: Host Info: Available Memory: 3748168 kB
[06/26/23 01:47:47] crowsnest: Host Info: Diskspace (avail. / total): 16G / 29G
[06/26/23 01:47:47] crowsnest: INFO: Checking Dependencys
[06/26/23 01:47:47] crowsnest: Dependency: 'crudini' found in /usr/bin/crudini.
[06/26/23 01:47:47] crowsnest: Dependency: 'find' found in /usr/bin/find.
[06/26/23 01:47:47] crowsnest: Dependency: 'logger' found in /usr/bin/logger.
[06/26/23 01:47:47] crowsnest: Dependency: 'xargs' found in /usr/bin/xargs.
[06/26/23 01:47:47] crowsnest: Dependency: 'ffmpeg' found in /usr/bin/ffmpeg.
[06/26/23 01:47:47] crowsnest: Dependency: 'ustreamer' found in bin/ustreamer/ustreamer.
[06/26/23 01:47:47] crowsnest: Dependency: 'rtsp-simple-server' found in bin/rtsp-simple-server/rtsp-simple-server.
[06/26/23 01:47:47] crowsnest: Version Control: ustreamer is up to date. (v4.13)
[06/26/23 01:47:47] crowsnest: ERROR: Error 126 occured on line 45
[06/26/23 01:47:47] crowsnest: ERROR: Stopping crowsnest.
[06/26/23 01:47:47] crowsnest: Goodbye...
[06/26/23 01:47:47] crowsnest: ERROR: Error 1 occured on line 45
[06/26/23 01:47:47] crowsnest: ERROR: Stopping crowsnest.
[06/26/23 01:47:47] crowsnest: Goodbye...
[06/26/23 01:47:52] crowsnest: crowsnest - A webcam Service for multiple Cams and Stream Services.
[06/26/23 01:47:53] crowsnest: Version: v3.0.7-4-g0bdc1bc
[06/26/23 01:47:53] crowsnest: Prepare Startup ...
[06/26/23 01:47:53] crowsnest: INFO: Host information:
[06/26/23 01:47:53] crowsnest: Host Info: Distribution: Raspbian GNU/Linux 10 (buster)
[06/26/23 01:47:53] crowsnest: Host Info: Release: MainsailOS release 0.7.1 (buster)
[06/26/23 01:47:53] crowsnest: Host Info: Kernel: Linux 5.10.103-v7l+ armv7l
[06/26/23 01:47:53] crowsnest: Host Info: Model: Raspberry Pi 4 Model B Rev 1.5
[06/26/23 01:47:53] crowsnest: Host Info: Available CPU Cores: 4
[06/26/23 01:47:53] crowsnest: Host Info: Available Memory: 3748168 kB
[06/26/23 01:47:53] crowsnest: Host Info: Diskspace (avail. / total): 16G / 29G
[06/26/23 01:47:53] crowsnest: INFO: Checking Dependencys
[06/26/23 01:47:53] crowsnest: Dependency: 'crudini' found in /usr/bin/crudini.
[06/26/23 01:47:53] crowsnest: Dependency: 'find' found in /usr/bin/find.
[06/26/23 01:47:53] crowsnest: Dependency: 'logger' found in /usr/bin/logger.
[06/26/23 01:47:53] crowsnest: Dependency: 'xargs' found in /usr/bin/xargs.
[06/26/23 01:47:53] crowsnest: Dependency: 'ffmpeg' found in /usr/bin/ffmpeg.
[06/26/23 01:47:53] crowsnest: Dependency: 'ustreamer' found in bin/ustreamer/ustreamer.
[06/26/23 01:47:53] crowsnest: Dependency: 'rtsp-simple-server' found in bin/rtsp-simple-server/rtsp-simple-server.
[06/26/23 01:47:53] crowsnest: Version Control: ustreamer is up to date. (v4.13)
[06/26/23 01:47:53] crowsnest: ERROR: Error 126 occured on line 45
[06/26/23 01:47:53] crowsnest: ERROR: Stopping crowsnest.
[06/26/23 01:47:53] crowsnest: Goodbye...
[06/26/23 01:47:53] crowsnest: ERROR: Error 1 occured on line 45
[06/26/23 01:47:53] crowsnest: ERROR: Stopping crowsnest.
[06/26/23 01:47:53] crowsnest: Goodbye...
[06/26/23 01:47:58] crowsnest: crowsnest - A webcam Service for multiple Cams and Stream Services.
[06/26/23 01:47:58] crowsnest: Version: v3.0.7-4-g0bdc1bc
[06/26/23 01:47:58] crowsnest: Prepare Startup ...
[06/26/23 01:47:58] crowsnest: INFO: Host information:
[06/26/23 01:47:58] crowsnest: Host Info: Distribution: Raspbian GNU/Linux 10 (buster)
[06/26/23 01:47:58] crowsnest: Host Info: Release: MainsailOS release 0.7.1 (buster)
[06/26/23 01:47:59] crowsnest: Host Info: Kernel: Linux 5.10.103-v7l+ armv7l
[06/26/23 01:47:59] crowsnest: Host Info: Model: Raspberry Pi 4 Model B Rev 1.5
[06/26/23 01:47:59] crowsnest: Host Info: Available CPU Cores: 4
[06/26/23 01:47:59] crowsnest: Host Info: Available Memory: 3748168 kB
[06/26/23 01:47:59] crowsnest: Host Info: Diskspace (avail. / total): 16G / 29G
[06/26/23 01:47:59] crowsnest: INFO: Checking Dependencys
[06/26/23 01:47:59] crowsnest: Dependency: 'crudini' found in /usr/bin/crudini.
[06/26/23 01:47:59] crowsnest: Dependency: 'find' found in /usr/bin/find.
[06/26/23 01:47:59] crowsnest: Dependency: 'logger' found in /usr/bin/logger.
[06/26/23 01:47:59] crowsnest: Dependency: 'xargs' found in /usr/bin/xargs.
[06/26/23 01:47:59] crowsnest: Dependency: 'ffmpeg' found in /usr/bin/ffmpeg.
[06/26/23 01:47:59] crowsnest: Dependency: 'ustreamer' found in bin/ustreamer/ustreamer.
[06/26/23 01:47:59] crowsnest: Dependency: 'rtsp-simple-server' found in bin/rtsp-simple-server/rtsp-simple-server.
[06/26/23 01:47:59] crowsnest: Version Control: ustreamer is up to date. (v4.13)
[06/26/23 01:47:59] crowsnest: ERROR: Error 126 occured on line 45
[06/26/23 01:47:59] crowsnest: ERROR: Stopping crowsnest.
[06/26/23 01:47:59] crowsnest: Goodbye...
[06/26/23 01:47:59] crowsnest: ERROR: Error 1 occured on line 45
[06/26/23 01:47:59] crowsnest: ERROR: Stopping crowsnest.
[06/26/23 01:47:59] crowsnest: Goodbye...
[06/26/23 01:48:05] crowsnest: crowsnest - A webcam Service for multiple Cams and Stream Services.
[06/26/23 01:48:05] crowsnest: Version: v3.0.7-4-g0bdc1bc
[06/26/23 01:48:05] crowsnest: Prepare Startup ...
[06/26/23 01:48:05] crowsnest: INFO: Host information:
[06/26/23 01:48:05] crowsnest: Host Info: Distribution: Raspbian GNU/Linux 10 (buster)
[06/26/23 01:48:05] crowsnest: Host Info: Release: MainsailOS release 0.7.1 (buster)
[06/26/23 01:48:05] crowsnest: Host Info: Kernel: Linux 5.10.103-v7l+ armv7l
[06/26/23 01:48:05] crowsnest: Host Info: Model: Raspberry Pi 4 Model B Rev 1.5
[06/26/23 01:48:05] crowsnest: Host Info: Available CPU Cores: 4
[06/26/23 01:48:05] crowsnest: Host Info: Available Memory: 3748168 kB
[06/26/23 01:48:05] crowsnest: Host Info: Diskspace (avail. / total): 16G / 29G
[06/26/23 01:48:05] crowsnest: INFO: Checking Dependencys
[06/26/23 01:48:05] crowsnest: Dependency: 'crudini' found in /usr/bin/crudini.
[06/26/23 01:48:05] crowsnest: Dependency: 'find' found in /usr/bin/find.
[06/26/23 01:48:05] crowsnest: Dependency: 'logger' found in /usr/bin/logger.
[06/26/23 01:48:05] crowsnest: Dependency: 'xargs' found in /usr/bin/xargs.
[06/26/23 01:48:05] crowsnest: Dependency: 'ffmpeg' found in /usr/bin/ffmpeg.
[06/26/23 01:48:05] crowsnest: Dependency: 'ustreamer' found in bin/ustreamer/ustreamer.
[06/26/23 01:48:05] crowsnest: Dependency: 'rtsp-simple-server' found in bin/rtsp-simple-server/rtsp-simple-server.
[06/26/23 01:48:05] crowsnest: Version Control: ustreamer is up to date. (v4.13)
[06/26/23 01:48:05] crowsnest: ERROR: Error 126 occured on line 45
[06/26/23 01:48:05] crowsnest: ERROR: Stopping crowsnest.
[06/26/23 01:48:05] crowsnest: Goodbye...
[06/26/23 01:48:05] crowsnest: ERROR: Error 1 occured on line 45
[06/26/23 01:48:05] crowsnest: ERROR: Stopping crowsnest.
[06/26/23 01:48:06] crowsnest: Goodbye...
[06/26/23 01:48:11] crowsnest: crowsnest - A webcam Service for multiple Cams and Stream Services.
[06/26/23 01:48:11] crowsnest: Version: v3.0.7-4-g0bdc1bc
[06/26/23 01:48:11] crowsnest: Prepare Startup ...
[06/26/23 01:48:11] crowsnest: INFO: Host information:
[06/26/23 01:48:11] crowsnest: Host Info: Distribution: Raspbian GNU/Linux 10 (buster)
[06/26/23 01:48:11] crowsnest: Host Info: Release: MainsailOS release 0.7.1 (buster)
[06/26/23 01:48:11] crowsnest: Host Info: Kernel: Linux 5.10.103-v7l+ armv7l
[06/26/23 01:48:11] crowsnest: Host Info: Model: Raspberry Pi 4 Model B Rev 1.5
[06/26/23 01:48:11] crowsnest: Host Info: Available CPU Cores: 4
[06/26/23 01:48:11] crowsnest: Host Info: Available Memory: 3748168 kB
[06/26/23 01:48:11] crowsnest: Host Info: Diskspace (avail. / total): 16G / 29G
[06/26/23 01:48:11] crowsnest: INFO: Checking Dependencys
[06/26/23 01:48:11] crowsnest: Dependency: 'crudini' found in /usr/bin/crudini.
[06/26/23 01:48:11] crowsnest: Dependency: 'find' found in /usr/bin/find.
[06/26/23 01:48:11] crowsnest: Dependency: 'logger' found in /usr/bin/logger.
[06/26/23 01:48:11] crowsnest: Dependency: 'xargs' found in /usr/bin/xargs.
[06/26/23 01:48:11] crowsnest: Dependency: 'ffmpeg' found in /usr/bin/ffmpeg.
[06/26/23 01:48:12] crowsnest: Dependency: 'ustreamer' found in bin/ustreamer/ustreamer.
[06/26/23 01:48:12] crowsnest: Dependency: 'rtsp-simple-server' found in bin/rtsp-simple-server/rtsp-simple-server.
[06/26/23 01:48:12] crowsnest: Version Control: ustreamer is up to date. (v4.13)
[06/26/23 01:48:12] crowsnest: ERROR: Error 126 occured on line 45
[06/26/23 01:48:12] crowsnest: ERROR: Stopping crowsnest.
[06/26/23 01:48:12] crowsnest: Goodbye...
[06/26/23 01:48:12] crowsnest: ERROR: Error 1 occured on line 45
[06/26/23 01:48:12] crowsnest: ERROR: Stopping crowsnest.
[06/26/23 01:48:12] crowsnest: Goodbye...
[06/26/23 01:48:17] crowsnest: crowsnest - A webcam Service for multiple Cams and Stream Services.
[06/26/23 01:48:17] crowsnest: Version: v3.0.7-4-g0bdc1bc
[06/26/23 01:48:17] crowsnest: Prepare Startup ...
[06/26/23 01:48:17] crowsnest: INFO: Host information:
[06/26/23 01:48:17] crowsnest: Host Info: Distribution: Raspbian GNU/Linux 10 (buster)
[06/26/23 01:48:17] crowsnest: Host Info: Release: MainsailOS release 0.7.1 (buster)
[06/26/23 01:48:17] crowsnest: Host Info: Kernel: Linux 5.10.103-v7l+ armv7l
[06/26/23 01:48:17] crowsnest: Host Info: Model: Raspberry Pi 4 Model B Rev 1.5
[06/26/23 01:48:17] crowsnest: Host Info: Available CPU Cores: 4
[06/26/23 01:48:17] crowsnest: Host Info: Available Memory: 3748168 kB
[06/26/23 01:48:17] crowsnest: Host Info: Diskspace (avail. / total): 16G / 29G
[06/26/23 01:48:17] crowsnest: INFO: Checking Dependencys
[06/26/23 01:48:17] crowsnest: Dependency: 'crudini' found in /usr/bin/crudini.
[06/26/23 01:48:17] crowsnest: Dependency: 'find' found in /usr/bin/find.
[06/26/23 01:48:18] crowsnest: Dependency: 'logger' found in /usr/bin/logger.
[06/26/23 01:48:18] crowsnest: Dependency: 'xargs' found in /usr/bin/xargs.
[06/26/23 01:48:18] crowsnest: Dependency: 'ffmpeg' found in /usr/bin/ffmpeg.
[06/26/23 01:48:18] crowsnest: Dependency: 'ustreamer' found in bin/ustreamer/ustreamer.
[06/26/23 01:48:18] crowsnest: Dependency: 'rtsp-simple-server' found in bin/rtsp-simple-server/rtsp-simple-server.
[06/26/23 01:48:18] crowsnest: Version Control: ustreamer is up to date. (v4.13)
[06/26/23 01:48:18] crowsnest: ERROR: Error 126 occured on line 45
[06/26/23 01:48:18] crowsnest: ERROR: Stopping crowsnest.
[06/26/23 01:48:18] crowsnest: Goodbye...
[06/26/23 01:48:18] crowsnest: ERROR: Error 1 occured on line 45
[06/26/23 01:48:18] crowsnest: ERROR: Stopping crowsnest.
[06/26/23 01:48:18] crowsnest: Goodbye...
[06/26/23 01:48:23] crowsnest: crowsnest - A webcam Service for multiple Cams and Stream Services.
[06/26/23 01:48:24] crowsnest: Version: v3.0.7-4-g0bdc1bc
[06/26/23 01:48:24] crowsnest: Prepare Startup ...
[06/26/23 01:48:24] crowsnest: INFO: Host information:
[06/26/23 01:48:24] crowsnest: Host Info: Distribution: Raspbian GNU/Linux 10 (buster)
[06/26/23 01:48:24] crowsnest: Host Info: Release: MainsailOS release 0.7.1 (buster)
[06/26/23 01:48:24] crowsnest: Host Info: Kernel: Linux 5.10.103-v7l+ armv7l
[06/26/23 01:48:24] crowsnest: Host Info: Model: Raspberry Pi 4 Model B Rev 1.5
[06/26/23 01:48:24] crowsnest: Host Info: Available CPU Cores: 4
[06/26/23 01:48:24] crowsnest: Host Info: Available Memory: 3748168 kB
[06/26/23 01:48:24] crowsnest: Host Info: Diskspace (avail. / total): 16G / 29G
[06/26/23 01:48:24] crowsnest: INFO: Checking Dependencys
[06/26/23 01:48:24] crowsnest: Dependency: 'crudini' found in /usr/bin/crudini.
[06/26/23 01:48:24] crowsnest: Dependency: 'find' found in /usr/bin/find.
[06/26/23 01:48:24] crowsnest: Dependency: 'logger' found in /usr/bin/logger.
[06/26/23 01:48:24] crowsnest: Dependency: 'xargs' found in /usr/bin/xargs.
[06/26/23 01:48:24] crowsnest: Dependency: 'ffmpeg' found in /usr/bin/ffmpeg.
[06/26/23 01:48:24] crowsnest: Dependency: 'ustreamer' found in bin/ustreamer/ustreamer.
[06/26/23 01:48:24] crowsnest: Dependency: 'rtsp-simple-server' found in bin/rtsp-simple-server/rtsp-simple-server.
[06/26/23 01:48:24] crowsnest: Version Control: ustreamer is up to date. (v4.13)
[06/26/23 01:48:24] crowsnest: ERROR: Error 126 occured on line 45
[06/26/23 01:48:24] crowsnest: ERROR: Stopping crowsnest.
[06/26/23 01:48:24] crowsnest: Goodbye...
[06/26/23 01:48:24] crowsnest: ERROR: Error 1 occured on line 45
[06/26/23 01:48:24] crowsnest: ERROR: Stopping crowsnest.
[06/26/23 01:48:24] crowsnest: Goodbye...
[06/26/23 01:48:30] crowsnest: crowsnest - A webcam Service for multiple Cams and Stream Services.
[06/26/23 01:48:30] crowsnest: Version: v3.0.7-4-g0bdc1bc
[06/26/23 01:48:30] crowsnest: Prepare Startup ...
[06/26/23 01:48:30] crowsnest: INFO: Host information:
[06/26/23 01:48:30] crowsnest: Host Info: Distribution: Raspbian GNU/Linux 10 (buster)
[06/26/23 01:48:30] crowsnest: Host Info: Release: MainsailOS release 0.7.1 (buster)
[06/26/23 01:48:30] crowsnest: Host Info: Kernel: Linux 5.10.103-v7l+ armv7l
[06/26/23 01:48:30] crowsnest: Host Info: Model: Raspberry Pi 4 Model B Rev 1.5
[06/26/23 01:48:30] crowsnest: Host Info: Available CPU Cores: 4
[06/26/23 01:48:30] crowsnest: Host Info: Available Memory: 3748168 kB
[06/26/23 01:48:30] crowsnest: Host Info: Diskspace (avail. / total): 16G / 29G
[06/26/23 01:48:30] crowsnest: INFO: Checking Dependencys
[06/26/23 01:48:30] crowsnest: Dependency: 'crudini' found in /usr/bin/crudini.
[06/26/23 01:48:30] crowsnest: Dependency: 'find' found in /usr/bin/find.
[06/26/23 01:48:30] crowsnest: Dependency: 'logger' found in /usr/bin/logger.
[06/26/23 01:48:30] crowsnest: Dependency: 'xargs' found in /usr/bin/xargs.
[06/26/23 01:48:30] crowsnest: Dependency: 'ffmpeg' found in /usr/bin/ffmpeg.
[06/26/23 01:48:30] crowsnest: Dependency: 'ustreamer' found in bin/ustreamer/ustreamer.
[06/26/23 01:48:30] crowsnest: Dependency: 'rtsp-simple-server' found in bin/rtsp-simple-server/rtsp-simple-server.
[06/26/23 01:48:30] crowsnest: Version Control: ustreamer is up to date. (v4.13)
[06/26/23 01:48:30] crowsnest: ERROR: Error 126 occured on line 45
[06/26/23 01:48:30] crowsnest: ERROR: Stopping crowsnest.
[06/26/23 01:48:30] crowsnest: Goodbye...
[06/26/23 01:48:31] crowsnest: ERROR: Error 1 occured on line 45
[06/26/23 01:48:31] crowsnest: ERROR: Stopping crowsnest.
[06/26/23 01:48:31] crowsnest: Goodbye...
[06/26/23 01:48:36] crowsnest: crowsnest - A webcam Service for multiple Cams and Stream Services.
[06/26/23 01:48:36] crowsnest: Version: v3.0.7-4-g0bdc1bc
[06/26/23 01:48:36] crowsnest: Prepare Startup ...
[06/26/23 01:48:36] crowsnest: INFO: Host information:
[06/26/23 01:48:36] crowsnest: Host Info: Distribution: Raspbian GNU/Linux 10 (buster)
[06/26/23 01:48:36] crowsnest: Host Info: Release: MainsailOS release 0.7.1 (buster)
[06/26/23 01:48:36] crowsnest: Host Info: Kernel: Linux 5.10.103-v7l+ armv7l
[06/26/23 01:48:36] crowsnest: Host Info: Model: Raspberry Pi 4 Model B Rev 1.5
[06/26/23 01:48:36] crowsnest: Host Info: Available CPU Cores: 4
[06/26/23 01:48:36] crowsnest: Host Info: Available Memory: 3748168 kB
[06/26/23 01:48:36] crowsnest: Host Info: Diskspace (avail. / total): 16G / 29G
[06/26/23 01:48:36] crowsnest: INFO: Checking Dependencys
[06/26/23 01:48:36] crowsnest: Dependency: 'crudini' found in /usr/bin/crudini.
[06/26/23 01:48:36] crowsnest: Dependency: 'find' found in /usr/bin/find.
[06/26/23 01:48:36] crowsnest: Dependency: 'logger' found in /usr/bin/logger.
[06/26/23 01:48:36] crowsnest: Dependency: 'xargs' found in /usr/bin/xargs.
[06/26/23 01:48:36] crowsnest: Dependency: 'ffmpeg' found in /usr/bin/ffmpeg.
[06/26/23 01:48:37] crowsnest: Dependency: 'ustreamer' found in bin/ustreamer/ustreamer.
[06/26/23 01:48:37] crowsnest: Dependency: 'rtsp-simple-server' found in bin/rtsp-simple-server/rtsp-simple-server.
[06/26/23 01:48:37] crowsnest: Version Control: ustreamer is up to date. (v4.13)
[06/26/23 01:48:37] crowsnest: ERROR: Error 126 occured on line 45
[06/26/23 01:48:37] crowsnest: ERROR: Stopping crowsnest.
[06/26/23 01:48:37] crowsnest: Goodbye...
[06/26/23 01:48:37] crowsnest: ERROR: Error 1 occured on line 45
[06/26/23 01:48:37] crowsnest: ERROR: Stopping crowsnest.
[06/26/23 01:48:37] crowsnest: Goodbye...
[06/26/23 01:48:42] crowsnest: crowsnest - A webcam Service for multiple Cams and Stream Services.
[06/26/23 01:48:42] crowsnest: Version: v3.0.7-4-g0bdc1bc
[06/26/23 01:48:42] crowsnest: Prepare Startup ...
[06/26/23 01:48:42] crowsnest: INFO: Host information:
[06/26/23 01:48:42] crowsnest: Host Info: Distribution: Raspbian GNU/Linux 10 (buster)
[06/26/23 01:48:42] crowsnest: Host Info: Release: MainsailOS release 0.7.1 (buster)
[06/26/23 01:48:42] crowsnest: Host Info: Kernel: Linux 5.10.103-v7l+ armv7l
[06/26/23 01:48:42] crowsnest: Host Info: Model: Raspberry Pi 4 Model B Rev 1.5
[06/26/23 01:48:42] crowsnest: Host Info: Available CPU Cores: 4
[06/26/23 01:48:42] crowsnest: Host Info: Available Memory: 3748168 kB
[06/26/23 01:48:43] crowsnest: Host Info: Diskspace (avail. / total): 16G / 29G
[06/26/23 01:48:43] crowsnest: INFO: Checking Dependencys
[06/26/23 01:48:43] crowsnest: Dependency: 'crudini' found in /usr/bin/crudini.
[06/26/23 01:48:43] crowsnest: Dependency: 'find' found in /usr/bin/find.
[06/26/23 01:48:43] crowsnest: Dependency: 'logger' found in /usr/bin/logger.
[06/26/23 01:48:43] crowsnest: Dependency: 'xargs' found in /usr/bin/xargs.
[06/26/23 01:48:43] crowsnest: Dependency: 'ffmpeg' found in /usr/bin/ffmpeg.
[06/26/23 01:48:43] crowsnest: Dependency: 'ustreamer' found in bin/ustreamer/ustreamer.
[06/26/23 01:48:43] crowsnest: Dependency: 'rtsp-simple-server' found in bin/rtsp-simple-server/rtsp-simple-server.
[06/26/23 01:48:43] crowsnest: Version Control: ustreamer is up to date. (v4.13)
[06/26/23 01:48:43] crowsnest: ERROR: Error 126 occured on line 45
[06/26/23 01:48:43] crowsnest: ERROR: Stopping crowsnest.
[06/26/23 01:48:43] crowsnest: Goodbye...
[06/26/23 01:48:43] crowsnest: ERROR: Error 1 occured on line 45
[06/26/23 01:48:43] crowsnest: ERROR: Stopping crowsnest.
[06/26/23 01:48:43] crowsnest: Goodbye...
[06/26/23 01:51:03] crowsnest: crowsnest - A webcam Service for multiple Cams and Stream Services.
[06/26/23 01:51:03] crowsnest: Version: v3.0.7-4-g0bdc1bc
[06/26/23 01:51:03] crowsnest: Prepare Startup ...
[06/26/23 01:51:03] crowsnest: INFO: Checking Dependencys
[06/26/23 01:51:04] crowsnest: Dependency: 'crudini' found in /usr/bin/crudini.
[06/26/23 01:51:04] crowsnest: Dependency: 'find' found in /usr/bin/find.
[06/26/23 01:51:04] crowsnest: Dependency: 'logger' found in /usr/bin/logger.
[06/26/23 01:51:04] crowsnest: Dependency: 'xargs' found in /usr/bin/xargs.
[06/26/23 01:51:04] crowsnest: Dependency: 'ffmpeg' found in /usr/bin/ffmpeg.
[06/26/23 01:51:04] crowsnest: Dependency: 'ustreamer' found in bin/ustreamer/ustreamer.
[06/26/23 01:51:04] crowsnest: Dependency: 'rtsp-simple-server' found in bin/rtsp-simple-server/rtsp-simple-server.
[06/26/23 01:51:04] crowsnest: INFO: Detect available Devices
[06/26/23 01:51:04] crowsnest: INFO: Found 1 total available Device(s)
[06/26/23 01:51:04] crowsnest: INFO: Found 1 available camera(s)
[06/26/23 01:51:04] crowsnest: /dev/v4l/by-id/usb-046d_HD_Pro_Webcam_C920_1BCCE9AF-video-index0 -> /dev/video0
[06/26/23 01:51:04] crowsnest: INFO: No usable CSI Devices found.
[06/26/23 01:51:04] crowsnest: V4L2 Control: Device: [cam 1]
[06/26/23 01:51:04] crowsnest: V4L2 Control: Options: focus_auto=0,power_line_frequency=1,exposure_auto_priority=0,exposure_auto=3,sharpness=200,white_balance_temperature_auto=1
[06/26/23 01:51:05] crowsnest: Try to start configured Cams / Services...
[06/26/23 01:51:05] crowsnest: INFO: Configuration of Section [cam 1] looks good. Continue...
[06/26/23 01:51:06] crowsnest: Starting ustreamer with Device /dev/video0 ...
[06/26/23 01:51:07] crowsnest: ... Done!
[07/05/23 02:47:32] crowsnest: crowsnest - A webcam Service for multiple Cams and Stream Services.
[07/05/23 02:47:32] crowsnest: Version: v3.0.7-4-g0bdc1bc
[07/05/23 02:47:32] crowsnest: Prepare Startup ...
[07/05/23 02:47:32] crowsnest: INFO: Checking Dependencys
[07/05/23 02:47:33] crowsnest: Dependency: 'crudini' found in /usr/bin/crudini.
[07/05/23 02:47:33] crowsnest: Dependency: 'find' found in /usr/bin/find.
[07/05/23 02:47:33] crowsnest: Dependency: 'logger' found in /usr/bin/logger.
[07/05/23 02:47:33] crowsnest: Dependency: 'xargs' found in /usr/bin/xargs.
[07/05/23 02:47:33] crowsnest: Dependency: 'ffmpeg' found in /usr/bin/ffmpeg.
[07/05/23 02:47:33] crowsnest: Dependency: 'ustreamer' found in bin/ustreamer/ustreamer.
[07/05/23 02:47:33] crowsnest: Dependency: 'rtsp-simple-server' found in bin/rtsp-simple-server/rtsp-simple-server.
[07/05/23 02:47:33] crowsnest: INFO: Detect available Devices
[07/05/23 02:47:33] crowsnest: INFO: Found 1 total available Device(s)
[07/05/23 02:47:33] crowsnest: INFO: Found 1 available camera(s)
[07/05/23 02:47:33] crowsnest: /dev/v4l/by-id/usb-046d_HD_Pro_Webcam_C920_1BCCE9AF-video-index0 -> /dev/video0
[07/05/23 02:47:33] crowsnest: INFO: No usable CSI Devices found.
[07/05/23 02:47:34] crowsnest: V4L2 Control: Device: [cam 1]
[07/05/23 02:47:34] crowsnest: V4L2 Control: Options: focus_auto=0,power_line_frequency=1,exposure_auto_priority=0,exposure_auto=3,sharpness=200,white_balance_temperature_auto=1
[07/05/23 02:47:35] crowsnest: Try to start configured Cams / Services...
[07/05/23 02:47:36] crowsnest: INFO: Configuration of Section [cam 1] looks good. Continue...
[07/05/23 02:47:36] crowsnest: Starting ustreamer with Device /dev/video0 ...
[07/05/23 02:47:38] crowsnest: ... Done!
[07/17/23 05:55:09] crowsnest: crowsnest - A webcam Service for multiple Cams and Stream Services.
[07/17/23 05:55:09] crowsnest: Version: v3.0.7-4-g0bdc1bc
[07/17/23 05:55:09] crowsnest: Prepare Startup ...
[07/17/23 05:55:09] crowsnest: INFO: Checking Dependencys
[07/17/23 05:55:10] crowsnest: Dependency: 'crudini' found in /usr/bin/crudini.
[07/17/23 05:55:10] crowsnest: Dependency: 'find' found in /usr/bin/find.
[07/17/23 05:55:10] crowsnest: Dependency: 'logger' found in /usr/bin/logger.
[07/17/23 05:55:10] crowsnest: Dependency: 'xargs' found in /usr/bin/xargs.
[07/17/23 05:55:10] crowsnest: Dependency: 'ffmpeg' found in /usr/bin/ffmpeg.
[07/17/23 05:55:10] crowsnest: Dependency: 'ustreamer' found in bin/ustreamer/ustreamer.
[07/17/23 05:55:10] crowsnest: Dependency: 'rtsp-simple-server' found in bin/rtsp-simple-server/rtsp-simple-server.
[07/17/23 05:55:10] crowsnest: INFO: Detect available Devices
[07/17/23 05:55:10] crowsnest: INFO: Found 1 total available Device(s)
[07/17/23 05:55:10] crowsnest: INFO: Found 1 available camera(s)
[07/17/23 05:55:10] crowsnest: /dev/v4l/by-id/usb-046d_HD_Pro_Webcam_C920_1BCCE9AF-video-index0 -> /dev/video0
[07/17/23 05:55:10] crowsnest: INFO: No usable CSI Devices found.
[07/17/23 05:55:11] crowsnest: V4L2 Control: Device: [cam 1]
[07/17/23 05:55:11] crowsnest: V4L2 Control: Options: focus_auto=0,power_line_frequency=1,exposure_auto_priority=0,exposure_auto=3,sharpness=200,white_balance_temperature_auto=1
[07/17/23 05:55:12] crowsnest: Try to start configured Cams / Services...
[07/17/23 05:55:12] crowsnest: INFO: Configuration of Section [cam 1] looks good. Continue...
[07/17/23 05:55:13] crowsnest: Starting ustreamer with Device /dev/video0 ...
[07/17/23 05:55:13] crowsnest: ERROR: Start of ustreamer [cam 1] failed!
[07/17/23 05:55:14] crowsnest: ... Done!
[08/09/23 23:32:18] crowsnest: Shutdown or Killed by User!
[08/09/23 23:32:18] crowsnest: Please come again :)
[08/09/23 23:32:18] crowsnest: Goodbye...
[08/09/23 23:32:38] crowsnest: crowsnest - A webcam Service for multiple Cams and Stream Services.
[08/09/23 23:32:38] crowsnest: Version: v3.0.7-4-g0bdc1bc
[08/09/23 23:32:38] crowsnest: Prepare Startup ...
[08/09/23 23:32:38] crowsnest: INFO: Checking Dependencys
[08/09/23 23:32:39] crowsnest: Dependency: 'crudini' found in /usr/bin/crudini.
[08/09/23 23:32:39] crowsnest: Dependency: 'find' found in /usr/bin/find.
[08/09/23 23:32:39] crowsnest: Dependency: 'logger' found in /usr/bin/logger.
[08/09/23 23:32:39] crowsnest: Dependency: 'xargs' found in /usr/bin/xargs.
[08/09/23 23:32:39] crowsnest: Dependency: 'ffmpeg' found in /usr/bin/ffmpeg.
[08/09/23 23:32:39] crowsnest: Dependency: 'ustreamer' found in bin/ustreamer/ustreamer.
[08/09/23 23:32:39] crowsnest: Dependency: 'rtsp-simple-server' found in bin/rtsp-simple-server/rtsp-simple-server.
[08/09/23 23:32:39] crowsnest: INFO: Detect available Devices
[08/09/23 23:32:39] crowsnest: INFO: Found 1 total available Device(s)
[08/09/23 23:32:39] crowsnest: INFO: Found 1 available camera(s)
[08/09/23 23:32:39] crowsnest: /dev/v4l/by-id/usb-046d_HD_Pro_Webcam_C920_1BCCE9AF-video-index0 -> /dev/video0
[08/09/23 23:32:39] crowsnest: INFO: No usable CSI Devices found.
[08/09/23 23:32:40] crowsnest: V4L2 Control: Device: [cam 1]
[08/09/23 23:32:40] crowsnest: V4L2 Control: Options: focus_auto=0,power_line_frequency=1,exposure_auto_priority=0,exposure_auto=3,sharpness=200,white_balance_temperature_auto=1
[08/09/23 23:32:41] crowsnest: Try to start configured Cams / Services...
[08/09/23 23:32:41] crowsnest: INFO: Configuration of Section [cam 1] looks good. Continue...
[08/09/23 23:32:42] crowsnest: Starting ustreamer with Device /dev/video0 ...
[08/09/23 23:32:43] crowsnest: ... Done!
[09/04/23 00:14:11] crowsnest: Shutdown or Killed by User!
[09/04/23 00:14:11] crowsnest: Please come again :)
[09/04/23 00:14:11] crowsnest: Goodbye...
[09/04/23 00:14:28] crowsnest: crowsnest - A webcam Service for multiple Cams and Stream Services.
[09/04/23 00:14:28] crowsnest: Version: v3.0.7-4-g0bdc1bc
[09/04/23 00:14:28] crowsnest: Prepare Startup ...
[09/04/23 00:14:28] crowsnest: INFO: Checking Dependencys
[09/04/23 00:14:28] crowsnest: Dependency: 'crudini' found in /usr/bin/crudini.
[09/04/23 00:14:28] crowsnest: Dependency: 'find' found in /usr/bin/find.
[09/04/23 00:14:28] crowsnest: Dependency: 'logger' found in /usr/bin/logger.
[09/04/23 00:14:28] crowsnest: Dependency: 'xargs' found in /usr/bin/xargs.
[09/04/23 00:14:29] crowsnest: Dependency: 'ffmpeg' found in /usr/bin/ffmpeg.
[09/04/23 00:14:29] crowsnest: Dependency: 'ustreamer' found in bin/ustreamer/ustreamer.
[09/04/23 00:14:29] crowsnest: Dependency: 'rtsp-simple-server' found in bin/rtsp-simple-server/rtsp-simple-server.
[09/04/23 00:14:29] crowsnest: INFO: Detect available Devices
[09/04/23 00:14:29] crowsnest: INFO: Found 1 total available Device(s)
[09/04/23 00:14:29] crowsnest: INFO: Found 1 available camera(s)
[09/04/23 00:14:29] crowsnest: /dev/v4l/by-id/usb-046d_HD_Pro_Webcam_C920_1BCCE9AF-video-index0 -> /dev/video0
[09/04/23 00:14:29] crowsnest: INFO: No usable CSI Devices found.
[09/04/23 00:14:29] crowsnest: V4L2 Control: Device: [cam 1]
[09/04/23 00:14:29] crowsnest: V4L2 Control: Options: focus_auto=0,power_line_frequency=1,exposure_auto_priority=0,exposure_auto=3,sharpness=200,white_balance_temperature_auto=1
[09/04/23 00:14:31] crowsnest: Try to start configured Cams / Services...
[09/04/23 00:14:31] crowsnest: INFO: Configuration of Section [cam 1] looks good. Continue...
[09/04/23 00:14:32] crowsnest: Starting ustreamer with Device /dev/video0 ...
[09/04/23 00:14:33] crowsnest: ... Done!
[09/07/23 20:09:30] crowsnest: Shutdown or Killed by User!
[09/07/23 20:09:30] crowsnest: Please come again :)
[09/07/23 20:09:30] crowsnest: Goodbye...
[09/07/23 20:09:50] crowsnest: crowsnest - A webcam Service for multiple Cams and Stream Services.
[09/07/23 20:09:50] crowsnest: Version: v3.0.7-4-g0bdc1bc
[09/07/23 20:09:50] crowsnest: Prepare Startup ...
[09/07/23 20:09:50] crowsnest: INFO: Checking Dependencys
[09/07/23 20:09:51] crowsnest: Dependency: 'crudini' found in /usr/bin/crudini.
[09/07/23 20:09:51] crowsnest: Dependency: 'find' found in /usr/bin/find.
[09/07/23 20:09:51] crowsnest: Dependency: 'logger' found in /usr/bin/logger.
[09/07/23 20:09:51] crowsnest: Dependency: 'xargs' found in /usr/bin/xargs.
[09/07/23 20:09:51] crowsnest: Dependency: 'ffmpeg' found in /usr/bin/ffmpeg.
[09/07/23 20:09:51] crowsnest: Dependency: 'ustreamer' found in bin/ustreamer/ustreamer.
[09/07/23 20:09:51] crowsnest: Dependency: 'rtsp-simple-server' found in bin/rtsp-simple-server/rtsp-simple-server.
[09/07/23 20:09:51] crowsnest: INFO: Detect available Devices
[09/07/23 20:09:51] crowsnest: INFO: Found 1 total available Device(s)
[09/07/23 20:09:51] crowsnest: INFO: Found 1 available camera(s)
[09/07/23 20:09:51] crowsnest: /dev/v4l/by-id/usb-046d_HD_Pro_Webcam_C920_1BCCE9AF-video-index0 -> /dev/video0
[09/07/23 20:09:51] crowsnest: INFO: No usable CSI Devices found.
[09/07/23 20:09:52] crowsnest: V4L2 Control: Device: [cam 1]
[09/07/23 20:09:52] crowsnest: V4L2 Control: Options: focus_auto=0,power_line_frequency=1,exposure_auto_priority=0,exposure_auto=3,sharpness=200,white_balance_temperature_auto=1
[09/07/23 20:09:53] crowsnest: Try to start configured Cams / Services...
[09/07/23 20:09:53] crowsnest: INFO: Configuration of Section [cam 1] looks good. Continue...
[09/07/23 20:09:54] crowsnest: Starting ustreamer with Device /dev/video0 ...
[09/07/23 20:09:54] crowsnest: ERROR: Start of ustreamer [cam 1] failed!
[09/07/23 20:09:55] crowsnest: ... Done!
[09/08/23 01:12:34] crowsnest: Shutdown or Killed by User!
[09/08/23 01:12:34] crowsnest: Please come again :)
[09/08/23 01:12:34] crowsnest: Goodbye...
[09/08/23 01:12:52] crowsnest: crowsnest - A webcam Service for multiple Cams and Stream Services.
[09/08/23 01:12:52] crowsnest: Version: v3.0.7-4-g0bdc1bc
[09/08/23 01:12:53] crowsnest: Prepare Startup ...
[09/08/23 01:12:53] crowsnest: INFO: Checking Dependencys
[09/08/23 01:12:53] crowsnest: Dependency: 'crudini' found in /usr/bin/crudini.
[09/08/23 01:12:53] crowsnest: Dependency: 'find' found in /usr/bin/find.
[09/08/23 01:12:53] crowsnest: Dependency: 'logger' found in /usr/bin/logger.
[09/08/23 01:12:53] crowsnest: Dependency: 'xargs' found in /usr/bin/xargs.
[09/08/23 01:12:53] crowsnest: Dependency: 'ffmpeg' found in /usr/bin/ffmpeg.
[09/08/23 01:12:53] crowsnest: Dependency: 'ustreamer' found in bin/ustreamer/ustreamer.
[09/08/23 01:12:53] crowsnest: Dependency: 'rtsp-simple-server' found in bin/rtsp-simple-server/rtsp-simple-server.
[09/08/23 01:12:53] crowsnest: INFO: Detect available Devices
[09/08/23 01:12:53] crowsnest: INFO: Found 1 total available Device(s)
[09/08/23 01:12:53] crowsnest: INFO: Found 1 available camera(s)
[09/08/23 01:12:53] crowsnest: /dev/v4l/by-id/usb-046d_HD_Pro_Webcam_C920_1BCCE9AF-video-index0 -> /dev/video0
[09/08/23 01:12:53] crowsnest: INFO: No usable CSI Devices found.
[09/08/23 01:12:54] crowsnest: V4L2 Control: Device: [cam 1]
[09/08/23 01:12:54] crowsnest: V4L2 Control: Options: focus_auto=0,power_line_frequency=1,exposure_auto_priority=0,exposure_auto=3,sharpness=200,white_balance_temperature_auto=1
[09/08/23 01:12:55] crowsnest: Try to start configured Cams / Services...
[09/08/23 01:12:56] crowsnest: INFO: Configuration of Section [cam 1] looks good. Continue...
[09/08/23 01:12:56] crowsnest: Starting ustreamer with Device /dev/video0 ...
[09/08/23 01:12:58] crowsnest: ... Done!
[09/09/23 16:46:02] crowsnest: Shutdown or Killed by User!
[09/09/23 16:46:02] crowsnest: Please come again :)
[09/09/23 16:46:02] crowsnest: Goodbye...
[09/09/23 16:46:20] crowsnest: crowsnest - A webcam Service for multiple Cams and Stream Services.
[09/09/23 16:46:20] crowsnest: Version: v3.0.7-4-g0bdc1bc
[09/09/23 16:46:20] crowsnest: Prepare Startup ...
[09/09/23 16:46:20] crowsnest: INFO: Checking Dependencys
[09/09/23 16:46:20] crowsnest: Dependency: 'crudini' found in /usr/bin/crudini.
[09/09/23 16:46:20] crowsnest: Dependency: 'find' found in /usr/bin/find.
[09/09/23 16:46:20] crowsnest: Dependency: 'logger' found in /usr/bin/logger.
[09/09/23 16:46:21] crowsnest: Dependency: 'xargs' found in /usr/bin/xargs.
[09/09/23 16:46:21] crowsnest: Dependency: 'ffmpeg' found in /usr/bin/ffmpeg.
[09/09/23 16:46:21] crowsnest: Dependency: 'ustreamer' found in bin/ustreamer/ustreamer.
[09/09/23 16:46:21] crowsnest: Dependency: 'rtsp-simple-server' found in bin/rtsp-simple-server/rtsp-simple-server.
[09/09/23 16:46:21] crowsnest: INFO: Detect available Devices
[09/09/23 16:46:21] crowsnest: INFO: Found 1 total available Device(s)
[09/09/23 16:46:21] crowsnest: INFO: Found 1 available camera(s)
[09/09/23 16:46:21] crowsnest: /dev/v4l/by-id/usb-046d_HD_Pro_Webcam_C920_1BCCE9AF-video-index0 -> /dev/video0
[09/09/23 16:46:21] crowsnest: INFO: No usable CSI Devices found.
[09/09/23 16:46:21] crowsnest: V4L2 Control: Device: [cam 1]
[09/09/23 16:46:21] crowsnest: V4L2 Control: Options: focus_auto=0,power_line_frequency=1,exposure_auto_priority=0,exposure_auto=3,sharpness=200,white_balance_temperature_auto=1
[09/09/23 16:46:23] crowsnest: Try to start configured Cams / Services...
[09/09/23 16:46:23] crowsnest: INFO: Configuration of Section [cam 1] looks good. Continue...
[09/09/23 16:46:24] crowsnest: Starting ustreamer with Device /dev/video0 ...
[09/09/23 16:46:25] crowsnest: ... Done!
[09/09/23 23:58:41] crowsnest: Shutdown or Killed by User!
[09/09/23 23:58:41] crowsnest: Please come again :)
[09/09/23 23:59:00] crowsnest: crowsnest - A webcam Service for multiple Cams and Stream Services.
[09/09/23 23:59:00] crowsnest: Version: v3.0.7-4-g0bdc1bc
[09/09/23 23:59:00] crowsnest: Prepare Startup ...
[09/09/23 23:59:00] crowsnest: INFO: Checking Dependencys
[09/09/23 23:59:00] crowsnest: Dependency: 'crudini' found in /usr/bin/crudini.
[09/09/23 23:59:00] crowsnest: Dependency: 'find' found in /usr/bin/find.
[09/09/23 23:59:00] crowsnest: Dependency: 'logger' found in /usr/bin/logger.
[09/09/23 23:59:01] crowsnest: Dependency: 'xargs' found in /usr/bin/xargs.
[09/09/23 23:59:01] crowsnest: Dependency: 'ffmpeg' found in /usr/bin/ffmpeg.
[09/09/23 23:59:01] crowsnest: Dependency: 'ustreamer' found in bin/ustreamer/ustreamer.
[09/09/23 23:59:01] crowsnest: Dependency: 'rtsp-simple-server' found in bin/rtsp-simple-server/rtsp-simple-server.
[09/09/23 23:59:01] crowsnest: INFO: Detect available Devices
[09/09/23 23:59:01] crowsnest: INFO: Found 1 total available Device(s)
[09/09/23 23:59:01] crowsnest: INFO: Found 1 available camera(s)
[09/09/23 23:59:01] crowsnest: /dev/v4l/by-id/usb-046d_HD_Pro_Webcam_C920_1BCCE9AF-video-index0 -> /dev/video0
[09/09/23 23:59:01] crowsnest: INFO: No usable CSI Devices found.
[09/09/23 23:59:01] crowsnest: V4L2 Control: Device: [cam 1]
[09/09/23 23:59:01] crowsnest: V4L2 Control: Options: focus_auto=0,power_line_frequency=1,exposure_auto_priority=0,exposure_auto=3,sharpness=200,white_balance_temperature_auto=1
[09/09/23 23:59:03] crowsnest: Try to start configured Cams / Services...
[09/09/23 23:59:03] crowsnest: INFO: Configuration of Section [cam 1] looks good. Continue...
[09/09/23 23:59:04] crowsnest: Starting ustreamer with Device /dev/video0 ...
[09/09/23 23:59:04] crowsnest: ERROR: Start of ustreamer [cam 1] failed!
[09/09/23 23:59:05] crowsnest: ... Done!
[09/11/23 03:02:05] crowsnest: Shutdown or Killed by User!
[09/11/23 03:02:05] crowsnest: Please come again :)
[09/11/23 03:02:05] crowsnest: Goodbye...
[09/11/23 03:02:25] crowsnest: crowsnest - A webcam Service for multiple Cams and Stream Services.
[09/11/23 03:02:26] crowsnest: Version: v3.0.7-4-g0bdc1bc
[09/11/23 03:02:26] crowsnest: Prepare Startup ...
[09/11/23 03:02:26] crowsnest: INFO: Checking Dependencys
[09/11/23 03:02:26] crowsnest: Dependency: 'crudini' found in /usr/bin/crudini.
[09/11/23 03:02:27] crowsnest: Dependency: 'find' found in /usr/bin/find.
[09/11/23 03:02:27] crowsnest: Dependency: 'logger' found in /usr/bin/logger.
[09/11/23 03:02:27] crowsnest: Dependency: 'xargs' found in /usr/bin/xargs.
[09/11/23 03:02:27] crowsnest: Dependency: 'ffmpeg' found in /usr/bin/ffmpeg.
[09/11/23 03:02:27] crowsnest: Dependency: 'ustreamer' found in bin/ustreamer/ustreamer.
[09/11/23 03:02:27] crowsnest: Dependency: 'rtsp-simple-server' found in bin/rtsp-simple-server/rtsp-simple-server.
[09/11/23 03:02:27] crowsnest: INFO: Detect available Devices
[09/11/23 03:02:27] crowsnest: INFO: Found 1 total available Device(s)
[09/11/23 03:02:27] crowsnest: INFO: Found 1 available camera(s)
[09/11/23 03:02:27] crowsnest: /dev/v4l/by-id/usb-046d_HD_Pro_Webcam_C920_1BCCE9AF-video-index0 -> /dev/video0
[09/11/23 03:02:27] crowsnest: INFO: No usable CSI Devices found.
[09/11/23 03:02:28] crowsnest: V4L2 Control: Device: [cam 1]
[09/11/23 03:02:28] crowsnest: V4L2 Control: Options: focus_auto=0,power_line_frequency=1,exposure_auto_priority=0,exposure_auto=3,sharpness=200,white_balance_temperature_auto=1
[09/11/23 03:02:29] crowsnest: Try to start configured Cams / Services...
[09/11/23 03:02:29] crowsnest: INFO: Configuration of Section [cam 1] looks good. Continue...
[09/11/23 03:02:30] crowsnest: Starting ustreamer with Device /dev/video0 ...
[09/11/23 03:02:30] crowsnest: ERROR: Start of ustreamer [cam 1] failed!
[09/11/23 03:02:31] crowsnest: ... Done!
[09/11/23 03:11:02] crowsnest: Shutdown or Killed by User!
[09/11/23 03:11:02] crowsnest: Please come again :)
[09/11/23 03:11:02] crowsnest: Goodbye...
[09/11/23 03:11:21] crowsnest: crowsnest - A webcam Service for multiple Cams and Stream Services.
[09/11/23 03:11:21] crowsnest: Version: v3.0.7-4-g0bdc1bc
[09/11/23 03:11:21] crowsnest: Prepare Startup ...
[09/11/23 03:11:21] crowsnest: INFO: Checking Dependencys
[09/11/23 03:11:22] crowsnest: Dependency: 'crudini' found in /usr/bin/crudini.
[09/11/23 03:11:22] crowsnest: Dependency: 'find' found in /usr/bin/find.
[09/11/23 03:11:22] crowsnest: Dependency: 'logger' found in /usr/bin/logger.
[09/11/23 03:11:22] crowsnest: Dependency: 'xargs' found in /usr/bin/xargs.
[09/11/23 03:11:22] crowsnest: Dependency: 'ffmpeg' found in /usr/bin/ffmpeg.
[09/11/23 03:11:22] crowsnest: Dependency: 'ustreamer' found in bin/ustreamer/ustreamer.
[09/11/23 03:11:22] crowsnest: Dependency: 'rtsp-simple-server' found in bin/rtsp-simple-server/rtsp-simple-server.
[09/11/23 03:11:22] crowsnest: INFO: Detect available Devices
[09/11/23 03:11:22] crowsnest: INFO: Found 1 total available Device(s)
[09/11/23 03:11:22] crowsnest: INFO: Found 1 available camera(s)
[09/11/23 03:11:22] crowsnest: /dev/v4l/by-id/usb-046d_HD_Pro_Webcam_C920_1BCCE9AF-video-index0 -> /dev/video0
[09/11/23 03:11:23] crowsnest: INFO: No usable CSI Devices found.
[09/11/23 03:11:23] crowsnest: V4L2 Control: Device: [cam 1]
[09/11/23 03:11:23] crowsnest: V4L2 Control: Options: focus_auto=0,power_line_frequency=1,exposure_auto_priority=0,exposure_auto=3,sharpness=200,white_balance_temperature_auto=1
[09/11/23 03:11:24] crowsnest: Try to start configured Cams / Services...
[09/11/23 03:11:25] crowsnest: INFO: Configuration of Section [cam 1] looks good. Continue...
[09/11/23 03:11:26] crowsnest: Starting ustreamer with Device /dev/video0 ...
[09/11/23 03:11:26] crowsnest: ERROR: Start of ustreamer [cam 1] failed!
[09/11/23 03:11:27] crowsnest: ... Done!
[09/11/23 04:33:30] crowsnest: crowsnest - A webcam Service for multiple Cams and Stream Services.
[09/11/23 04:33:32] crowsnest: Version: v3.0.7-4-g0bdc1bc
[09/11/23 04:33:32] crowsnest: Prepare Startup ...
[09/11/23 04:33:32] crowsnest: INFO: Checking Dependencys
[09/11/23 04:33:32] crowsnest: Dependency: 'crudini' found in /usr/bin/crudini.
[09/11/23 04:33:32] crowsnest: Dependency: 'find' found in /usr/bin/find.
[09/11/23 04:33:32] crowsnest: Dependency: 'logger' found in /usr/bin/logger.
[09/11/23 04:33:32] crowsnest: Dependency: 'xargs' found in /usr/bin/xargs.
[09/11/23 04:33:32] crowsnest: Dependency: 'ffmpeg' found in /usr/bin/ffmpeg.
[09/11/23 04:33:32] crowsnest: Dependency: 'ustreamer' found in bin/ustreamer/ustreamer.
[09/11/23 04:33:32] crowsnest: Dependency: 'rtsp-simple-server' found in bin/rtsp-simple-server/rtsp-simple-server.
[09/11/23 04:33:32] crowsnest: INFO: Detect available Devices
[09/11/23 04:33:32] crowsnest: INFO: Found 1 total available Device(s)
[09/11/23 04:33:33] crowsnest: INFO: Found 1 available camera(s)
[09/11/23 04:33:33] crowsnest: /dev/v4l/by-id/usb-046d_HD_Pro_Webcam_C920_1BCCE9AF-video-index0 -> /dev/video0
[09/11/23 04:33:33] crowsnest: INFO: No usable CSI Devices found.
[09/11/23 04:33:33] crowsnest: V4L2 Control: Device: [cam 1]
[09/11/23 04:33:33] crowsnest: V4L2 Control: Options: focus_auto=0,power_line_frequency=1,exposure_auto_priority=0,exposure_auto=3,sharpness=200,white_balance_temperature_auto=1
[09/11/23 04:33:35] crowsnest: Try to start configured Cams / Services...
[09/11/23 04:33:35] crowsnest: INFO: Configuration of Section [cam 1] looks good. Continue...
[09/11/23 04:33:36] crowsnest: Starting ustreamer with Device /dev/video0 ...
[09/11/23 04:33:36] crowsnest: ERROR: Start of ustreamer [cam 1] failed!
[09/11/23 04:33:37] crowsnest: ... Done!
[09/12/23 01:17:51] crowsnest: Shutdown or Killed by User!
[09/12/23 01:17:51] crowsnest: Please come again :)
[09/12/23 01:17:51] crowsnest: Goodbye...
[09/12/23 01:18:10] crowsnest: crowsnest - A webcam Service for multiple Cams and Stream Services.
[09/12/23 01:18:11] crowsnest: Version: v3.0.7-4-g0bdc1bc
[09/12/23 01:18:11] crowsnest: Prepare Startup ...
[09/12/23 01:18:11] crowsnest: INFO: Checking Dependencys
[09/12/23 01:18:11] crowsnest: Dependency: 'crudini' found in /usr/bin/crudini.
[09/12/23 01:18:11] crowsnest: Dependency: 'find' found in /usr/bin/find.
[09/12/23 01:18:11] crowsnest: Dependency: 'logger' found in /usr/bin/logger.
[09/12/23 01:18:11] crowsnest: Dependency: 'xargs' found in /usr/bin/xargs.
[09/12/23 01:18:11] crowsnest: Dependency: 'ffmpeg' found in /usr/bin/ffmpeg.
[09/12/23 01:18:11] crowsnest: Dependency: 'ustreamer' found in bin/ustreamer/ustreamer.
[09/12/23 01:18:11] crowsnest: Dependency: 'rtsp-simple-server' found in bin/rtsp-simple-server/rtsp-simple-server.
[09/12/23 01:18:11] crowsnest: INFO: Detect available Devices
[09/12/23 01:18:12] crowsnest: INFO: Found 1 total available Device(s)
[09/12/23 01:18:12] crowsnest: INFO: Found 1 available camera(s)
[09/12/23 01:18:12] crowsnest: /dev/v4l/by-id/usb-046d_HD_Pro_Webcam_C920_1BCCE9AF-video-index0 -> /dev/video0
[09/12/23 01:18:12] crowsnest: INFO: No usable CSI Devices found.
[09/12/23 01:18:12] crowsnest: V4L2 Control: Device: [cam 1]
[09/12/23 01:18:12] crowsnest: V4L2 Control: Options: focus_auto=0,power_line_frequency=1,exposure_auto_priority=0,exposure_auto=3,sharpness=200,white_balance_temperature_auto=1
[09/12/23 01:18:14] crowsnest: Try to start configured Cams / Services...
[09/12/23 01:18:14] crowsnest: INFO: Configuration of Section [cam 1] looks good. Continue...
[09/12/23 01:18:15] crowsnest: Starting ustreamer with Device /dev/video0 ...
[09/12/23 01:18:15] crowsnest: ERROR: Start of ustreamer [cam 1] failed!
[09/12/23 01:18:16] crowsnest: ... Done!
[09/14/23 01:39:49] crowsnest: Shutdown or Killed by User!
[09/14/23 01:39:49] crowsnest: Please come again :)
[09/14/23 01:39:49] crowsnest: Goodbye...
[09/14/23 01:40:09] crowsnest: crowsnest - A webcam Service for multiple Cams and Stream Services.
[09/14/23 01:40:09] crowsnest: Version: v3.0.7-4-g0bdc1bc
[09/14/23 01:40:09] crowsnest: Prepare Startup ...
[09/14/23 01:40:09] crowsnest: INFO: Checking Dependencys
[09/14/23 01:40:09] crowsnest: Dependency: 'crudini' found in /usr/bin/crudini.
[09/14/23 01:40:09] crowsnest: Dependency: 'find' found in /usr/bin/find.
[09/14/23 01:40:09] crowsnest: Dependency: 'logger' found in /usr/bin/logger.
[09/14/23 01:40:09] crowsnest: Dependency: 'xargs' found in /usr/bin/xargs.
[09/14/23 01:40:09] crowsnest: Dependency: 'ffmpeg' found in /usr/bin/ffmpeg.
[09/14/23 01:40:09] crowsnest: Dependency: 'ustreamer' found in bin/ustreamer/ustreamer.
[09/14/23 01:40:10] crowsnest: Dependency: 'rtsp-simple-server' found in bin/rtsp-simple-server/rtsp-simple-server.
[09/14/23 01:40:10] crowsnest: INFO: Detect available Devices
[09/14/23 01:40:10] crowsnest: INFO: Found 1 total available Device(s)
[09/14/23 01:40:10] crowsnest: INFO: Found 1 available camera(s)
[09/14/23 01:40:10] crowsnest: /dev/v4l/by-id/usb-046d_HD_Pro_Webcam_C920_1BCCE9AF-video-index0 -> /dev/video0
[09/14/23 01:40:10] crowsnest: INFO: No usable CSI Devices found.
[09/14/23 01:40:10] crowsnest: V4L2 Control: Device: [cam 1]
[09/14/23 01:40:10] crowsnest: V4L2 Control: Options: focus_auto=0,power_line_frequency=1,exposure_auto_priority=0,exposure_auto=3,sharpness=200,white_balance_temperature_auto=1
[09/14/23 01:40:12] crowsnest: Try to start configured Cams / Services...
[09/14/23 01:40:12] crowsnest: INFO: Configuration of Section [cam 1] looks good. Continue...
[09/14/23 01:40:13] crowsnest: Starting ustreamer with Device /dev/video0 ...
[09/14/23 01:40:14] crowsnest: ... Done!
[09/14/23 05:14:58] crowsnest: Shutdown or Killed by User!
[09/14/23 05:14:58] crowsnest: Please come again :)
[09/14/23 05:14:58] crowsnest: Goodbye...
[09/14/23 05:15:18] crowsnest: crowsnest - A webcam Service for multiple Cams and Stream Services.
[09/14/23 05:15:18] crowsnest: Version: v3.0.7-4-g0bdc1bc
[09/14/23 05:15:18] crowsnest: Prepare Startup ...
[09/14/23 05:15:18] crowsnest: INFO: Checking Dependencys
[09/14/23 05:15:19] crowsnest: Dependency: 'crudini' found in /usr/bin/crudini.
[09/14/23 05:15:19] crowsnest: Dependency: 'find' found in /usr/bin/find.
[09/14/23 05:15:19] crowsnest: Dependency: 'logger' found in /usr/bin/logger.
[09/14/23 05:15:19] crowsnest: Dependency: 'xargs' found in /usr/bin/xargs.
[09/14/23 05:15:19] crowsnest: Dependency: 'ffmpeg' found in /usr/bin/ffmpeg.
[09/14/23 05:15:19] crowsnest: Dependency: 'ustreamer' found in bin/ustreamer/ustreamer.
[09/14/23 05:15:19] crowsnest: Dependency: 'rtsp-simple-server' found in bin/rtsp-simple-server/rtsp-simple-server.
[09/14/23 05:15:19] crowsnest: INFO: Detect available Devices
[09/14/23 05:15:19] crowsnest: INFO: Found 1 total available Device(s)
[09/14/23 05:15:19] crowsnest: INFO: Found 1 available camera(s)
[09/14/23 05:15:19] crowsnest: /dev/v4l/by-id/usb-046d_HD_Pro_Webcam_C920_1BCCE9AF-video-index0 -> /dev/video0
[09/14/23 05:15:19] crowsnest: INFO: No usable CSI Devices found.
[09/14/23 05:15:20] crowsnest: V4L2 Control: Device: [cam 1]
[09/14/23 05:15:20] crowsnest: V4L2 Control: Options: focus_auto=0,power_line_frequency=1,exposure_auto_priority=0,exposure_auto=3,sharpness=200,white_balance_temperature_auto=1
[09/14/23 05:15:21] crowsnest: Try to start configured Cams / Services...
[09/14/23 05:15:22] crowsnest: INFO: Configuration of Section [cam 1] looks good. Continue...
[09/14/23 05:15:22] crowsnest: Starting ustreamer with Device /dev/video0 ...
[09/14/23 05:15:23] crowsnest: ERROR: Start of ustreamer [cam 1] failed!
[09/14/23 05:15:24] crowsnest: ... Done!
[09/14/23 05:21:19] crowsnest: Shutdown or Killed by User!
[09/14/23 05:21:19] crowsnest: Please come again :)
[09/14/23 05:21:19] crowsnest: Goodbye...
[09/14/23 05:21:39] crowsnest: crowsnest - A webcam Service for multiple Cams and Stream Services.
[09/14/23 05:21:39] crowsnest: Version: v3.0.7-4-g0bdc1bc
[09/14/23 05:21:39] crowsnest: Prepare Startup ...
[09/14/23 05:21:39] crowsnest: INFO: Checking Dependencys
[09/14/23 05:21:39] crowsnest: Dependency: 'crudini' found in /usr/bin/crudini.
[09/14/23 05:21:40] crowsnest: Dependency: 'find' found in /usr/bin/find.
[09/14/23 05:21:40] crowsnest: Dependency: 'logger' found in /usr/bin/logger.
[09/14/23 05:21:40] crowsnest: Dependency: 'xargs' found in /usr/bin/xargs.
[09/14/23 05:21:40] crowsnest: Dependency: 'ffmpeg' found in /usr/bin/ffmpeg.
[09/14/23 05:21:40] crowsnest: Dependency: 'ustreamer' found in bin/ustreamer/ustreamer.
[09/14/23 05:21:40] crowsnest: Dependency: 'rtsp-simple-server' found in bin/rtsp-simple-server/rtsp-simple-server.
[09/14/23 05:21:40] crowsnest: INFO: Detect available Devices
[09/14/23 05:21:40] crowsnest: INFO: Found 1 total available Device(s)
[09/14/23 05:21:40] crowsnest: INFO: Found 1 available camera(s)
[09/14/23 05:21:40] crowsnest: /dev/v4l/by-id/usb-046d_HD_Pro_Webcam_C920_1BCCE9AF-video-index0 -> /dev/video0
[09/14/23 05:21:40] crowsnest: INFO: No usable CSI Devices found.
[09/14/23 05:21:41] crowsnest: V4L2 Control: Device: [cam 1]
[09/14/23 05:21:41] crowsnest: V4L2 Control: Options: focus_auto=0,power_line_frequency=1,exposure_auto_priority=0,exposure_auto=3,sharpness=200,white_balance_temperature_auto=1
[09/14/23 05:21:42] crowsnest: Try to start configured Cams / Services...
[09/14/23 05:21:43] crowsnest: INFO: Configuration of Section [cam 1] looks good. Continue...
[09/14/23 05:21:43] crowsnest: Starting ustreamer with Device /dev/video0 ...
[09/14/23 05:21:43] crowsnest: ERROR: Start of ustreamer [cam 1] failed!
[09/14/23 05:21:45] crowsnest: ... Done!
[09/16/23 01:52:05] crowsnest: Shutdown or Killed by User!
[09/16/23 01:52:05] crowsnest: Please come again :)
[09/16/23 01:52:05] crowsnest: Goodbye...
[09/16/23 01:52:05] crowsnest: crowsnest - A webcam Service for multiple Cams and Stream Services.
[09/16/23 01:52:06] crowsnest: Version: v3.0.7-4-g0bdc1bc
[09/16/23 01:52:06] crowsnest: Prepare Startup ...
[09/16/23 01:52:06] crowsnest: INFO: Checking Dependencys
[09/16/23 01:52:06] crowsnest: Dependency: 'crudini' found in /usr/bin/crudini.
[09/16/23 01:52:06] crowsnest: Dependency: 'find' found in /usr/bin/find.
[09/16/23 01:52:06] crowsnest: Dependency: 'logger' found in /usr/bin/logger.
[09/16/23 01:52:06] crowsnest: Dependency: 'xargs' found in /usr/bin/xargs.
[09/16/23 01:52:06] crowsnest: Dependency: 'ffmpeg' found in /usr/bin/ffmpeg.
[09/16/23 01:52:06] crowsnest: Dependency: 'ustreamer' found in bin/ustreamer/ustreamer.
[09/16/23 01:52:06] crowsnest: Dependency: 'rtsp-simple-server' found in bin/rtsp-simple-server/rtsp-simple-server.
[09/16/23 01:52:06] crowsnest: INFO: Detect available Devices
[09/16/23 01:52:06] crowsnest: INFO: Found 1 total available Device(s)
[09/16/23 01:52:06] crowsnest: INFO: Found 1 available camera(s)
[09/16/23 01:52:06] crowsnest: /dev/v4l/by-id/usb-046d_HD_Pro_Webcam_C920_1BCCE9AF-video-index0 -> /dev/video0
[09/16/23 01:52:06] crowsnest: INFO: No usable CSI Devices found.
[09/16/23 01:52:06] crowsnest: V4L2 Control: Device: [cam 0]
[09/16/23 01:52:06] crowsnest: V4L2 Control: Options: focus_auto=0,power_line_frequency=1,exposure_auto_priority=0,exposure_auto=3,sharpness=200,white_balance_temperature_auto=1
[09/16/23 01:52:07] crowsnest: Try to start configured Cams / Services...
[09/16/23 01:52:07] crowsnest: INFO: Configuration of Section [cam 0] looks good. Continue...
[09/16/23 01:52:08] crowsnest: Starting ustreamer with Device /dev/video0 ...
[09/16/23 01:52:09] crowsnest: ... Done!
[09/17/23 17:29:34] crowsnest: crowsnest - A webcam Service for multiple Cams and Stream Services.
[09/17/23 17:29:34] crowsnest: Version: v3.0.7-4-g0bdc1bc
[09/17/23 17:29:34] crowsnest: Prepare Startup ...
[09/17/23 17:29:34] crowsnest: INFO: Checking Dependencys
[09/17/23 17:29:35] crowsnest: Dependency: 'crudini' found in /usr/bin/crudini.
[09/17/23 17:29:35] crowsnest: Dependency: 'find' found in /usr/bin/find.
[09/17/23 17:29:35] crowsnest: Dependency: 'logger' found in /usr/bin/logger.
[09/17/23 17:29:35] crowsnest: Dependency: 'xargs' found in /usr/bin/xargs.
[09/17/23 17:29:35] crowsnest: Dependency: 'ffmpeg' found in /usr/bin/ffmpeg.
[09/17/23 17:29:35] crowsnest: Dependency: 'ustreamer' found in bin/ustreamer/ustreamer.
[09/17/23 17:29:35] crowsnest: Dependency: 'rtsp-simple-server' found in bin/rtsp-simple-server/rtsp-simple-server.
[09/17/23 17:29:35] crowsnest: INFO: Detect available Devices
[09/17/23 17:29:35] crowsnest: INFO: Found 1 total available Device(s)
[09/17/23 17:29:35] crowsnest: INFO: Found 1 available camera(s)
[09/17/23 17:29:35] crowsnest: /dev/v4l/by-id/usb-046d_HD_Pro_Webcam_C920_1BCCE9AF-video-index0 -> /dev/video0
[09/17/23 17:29:35] crowsnest: INFO: No usable CSI Devices found.
[09/17/23 17:29:36] crowsnest: V4L2 Control: Device: [cam 0]
[09/17/23 17:29:36] crowsnest: V4L2 Control: Options: focus_auto=0,power_line_frequency=1,exposure_auto_priority=0,exposure_auto=3,sharpness=200,white_balance_temperature_auto=1
[09/17/23 17:29:37] crowsnest: Try to start configured Cams / Services...
[09/17/23 17:29:38] crowsnest: INFO: Configuration of Section [cam 0] looks good. Continue...
[09/17/23 17:29:38] crowsnest: Starting ustreamer with Device /dev/video0 ...
[09/17/23 17:29:40] crowsnest: ... Done!
[09/18/23 04:51:07] crowsnest: Shutdown or Killed by User!
[09/18/23 04:51:07] crowsnest: Please come again :)
[09/18/23 04:51:07] crowsnest: Goodbye...
[09/18/23 04:51:29] crowsnest: crowsnest - A webcam Service for multiple Cams and Stream Services.
[09/18/23 04:51:30] crowsnest: Version: v3.0.7-4-g0bdc1bc
[09/18/23 04:51:30] crowsnest: Prepare Startup ...
[09/18/23 04:51:30] crowsnest: INFO: Checking Dependencys
[09/18/23 04:51:30] crowsnest: Dependency: 'crudini' found in /usr/bin/crudini.
[09/18/23 04:51:30] crowsnest: Dependency: 'find' found in /usr/bin/find.
[09/18/23 04:51:30] crowsnest: Dependency: 'logger' found in /usr/bin/logger.
[09/18/23 04:51:30] crowsnest: Dependency: 'xargs' found in /usr/bin/xargs.
[09/18/23 04:51:30] crowsnest: Dependency: 'ffmpeg' found in /usr/bin/ffmpeg.
[09/18/23 04:51:30] crowsnest: Dependency: 'ustreamer' found in bin/ustreamer/ustreamer.
[09/18/23 04:51:30] crowsnest: Dependency: 'rtsp-simple-server' found in bin/rtsp-simple-server/rtsp-simple-server.
[09/18/23 04:51:30] crowsnest: INFO: Detect available Devices
[09/18/23 04:51:30] crowsnest: INFO: Found 1 total available Device(s)
[09/18/23 04:51:31] crowsnest: INFO: Found 1 available camera(s)
[09/18/23 04:51:31] crowsnest: /dev/v4l/by-id/usb-046d_HD_Pro_Webcam_C920_1BCCE9AF-video-index0 -> /dev/video0
[09/18/23 04:51:31] crowsnest: INFO: No usable CSI Devices found.
[09/18/23 04:51:31] crowsnest: V4L2 Control: Device: [cam 0]
[09/18/23 04:51:31] crowsnest: V4L2 Control: Options: focus_auto=0,power_line_frequency=1,exposure_auto_priority=0,exposure_auto=3,sharpness=200,white_balance_temperature_auto=1
[09/18/23 04:51:33] crowsnest: Try to start configured Cams / Services...
[09/18/23 04:51:33] crowsnest: INFO: Configuration of Section [cam 0] looks good. Continue...
[09/18/23 04:51:34] crowsnest: Starting ustreamer with Device /dev/video0 ...
[09/18/23 04:51:35] crowsnest: ... Done!
[09/18/23 04:55:18] crowsnest: Shutdown or Killed by User!
[09/18/23 04:55:18] crowsnest: Please come again :)
[09/18/23 04:55:18] crowsnest: Goodbye...
[09/18/23 04:55:38] crowsnest: crowsnest - A webcam Service for multiple Cams and Stream Services.
[09/18/23 04:55:38] crowsnest: Version: v3.0.7-4-g0bdc1bc
[09/18/23 04:55:38] crowsnest: Prepare Startup ...
[09/18/23 04:55:38] crowsnest: INFO: Checking Dependencys
[09/18/23 04:55:38] crowsnest: Dependency: 'crudini' found in /usr/bin/crudini.
[09/18/23 04:55:39] crowsnest: Dependency: 'find' found in /usr/bin/find.
[09/18/23 04:55:39] crowsnest: Dependency: 'logger' found in /usr/bin/logger.
[09/18/23 04:55:39] crowsnest: Dependency: 'xargs' found in /usr/bin/xargs.
[09/18/23 04:55:39] crowsnest: Dependency: 'ffmpeg' found in /usr/bin/ffmpeg.
[09/18/23 04:55:39] crowsnest: Dependency: 'ustreamer' found in bin/ustreamer/ustreamer.
[09/18/23 04:55:39] crowsnest: Dependency: 'rtsp-simple-server' found in bin/rtsp-simple-server/rtsp-simple-server.
[09/18/23 04:55:39] crowsnest: INFO: Detect available Devices
[09/18/23 04:55:39] crowsnest: INFO: Found 1 total available Device(s)
[09/18/23 04:55:39] crowsnest: INFO: Found 1 available camera(s)
[09/18/23 04:55:39] crowsnest: /dev/v4l/by-id/usb-046d_HD_Pro_Webcam_C920_1BCCE9AF-video-index0 -> /dev/video0
[09/18/23 04:55:39] crowsnest: INFO: No usable CSI Devices found.
[09/18/23 04:55:40] crowsnest: V4L2 Control: Device: [cam 0]
[09/18/23 04:55:40] crowsnest: V4L2 Control: Options: focus_auto=0,power_line_frequency=1,exposure_auto_priority=0,exposure_auto=3,sharpness=200,white_balance_temperature_auto=1
[09/18/23 04:55:41] crowsnest: Try to start configured Cams / Services...
[09/18/23 04:55:42] crowsnest: INFO: Configuration of Section [cam 0] looks good. Continue...
[09/18/23 04:55:42] crowsnest: Starting ustreamer with Device /dev/video0 ...
[09/18/23 04:55:44] crowsnest: ... Done!
[09/23/23 03:35:29] crowsnest: crowsnest - A webcam Service for multiple Cams and Stream Services.
[09/23/23 03:35:29] crowsnest: Version: v3.0.7-4-g0bdc1bc
[09/23/23 03:35:29] crowsnest: Prepare Startup ...
[09/23/23 03:35:29] crowsnest: INFO: Checking Dependencys
[09/23/23 03:35:29] crowsnest: Dependency: 'crudini' found in /usr/bin/crudini.
[09/23/23 03:35:30] crowsnest: Dependency: 'find' found in /usr/bin/find.
[09/23/23 03:35:30] crowsnest: Dependency: 'logger' found in /usr/bin/logger.
[09/23/23 03:35:30] crowsnest: Dependency: 'xargs' found in /usr/bin/xargs.
[09/23/23 03:35:30] crowsnest: Dependency: 'ffmpeg' found in /usr/bin/ffmpeg.
[09/23/23 03:35:30] crowsnest: Dependency: 'ustreamer' found in bin/ustreamer/ustreamer.
[09/23/23 03:35:30] crowsnest: Dependency: 'rtsp-simple-server' found in bin/rtsp-simple-server/rtsp-simple-server.
[09/23/23 03:35:30] crowsnest: INFO: Detect available Devices
[09/23/23 03:35:30] crowsnest: INFO: Found 1 total available Device(s)
[09/23/23 03:35:30] crowsnest: INFO: Found 1 available camera(s)
[09/23/23 03:35:30] crowsnest: /dev/v4l/by-id/usb-046d_HD_Pro_Webcam_C920_1BCCE9AF-video-index0 -> /dev/video0
[09/23/23 03:35:30] crowsnest: INFO: No usable CSI Devices found.
[09/23/23 03:35:31] crowsnest: V4L2 Control: Device: [cam 0]
[09/23/23 03:35:31] crowsnest: V4L2 Control: Options: focus_auto=0,power_line_frequency=1,exposure_auto_priority=0,exposure_auto=3,sharpness=200,white_balance_temperature_auto=1
[09/23/23 03:35:32] crowsnest: V4L2 Control: Failed to set parameter: 'power_line_frequency=1' ...
[09/23/23 03:35:32] crowsnest: V4L2 Control: Parameter 'exposure_auto_priority=0' not available for '/dev/video0'. Skipped.
[09/23/23 03:35:32] crowsnest: V4L2 Control: Parameter 'exposure_auto=3' not available for '/dev/video0'. Skipped.
[09/23/23 03:35:32] crowsnest: V4L2 Control: Parameter 'sharpness=200' not available for '/dev/video0'. Skipped.
[09/23/23 03:35:32] crowsnest: V4L2 Control: Parameter 'white_balance_temperature_auto=1' not available for '/dev/video0'. Skipped.
[09/23/23 03:35:32] crowsnest: Try to start configured Cams / Services...
[09/23/23 03:35:33] crowsnest: INFO: Configuration of Section [cam 0] looks good. Continue...
[09/23/23 03:35:34] crowsnest: Starting ustreamer with Device /dev/video0 ...
[09/23/23 03:35:34] crowsnest: ERROR: Start of ustreamer [cam 0] failed!
[09/23/23 03:35:35] crowsnest: ... Done!
[09/23/23 20:35:59] crowsnest: Shutdown or Killed by User!
[09/23/23 20:35:59] crowsnest: Please come again :)
[09/23/23 20:35:59] crowsnest: crowsnest - A webcam Service for multiple Cams and Stream Services.
[09/23/23 20:35:59] crowsnest: Version: v3.0.7-4-g0bdc1bc
[09/23/23 20:35:59] crowsnest: Prepare Startup ...
[09/23/23 20:35:59] crowsnest: INFO: Checking Dependencys
[09/23/23 20:35:59] crowsnest: Dependency: 'crudini' found in /usr/bin/crudini.
[09/23/23 20:35:59] crowsnest: Dependency: 'find' found in /usr/bin/find.
[09/23/23 20:35:59] crowsnest: Dependency: 'logger' found in /usr/bin/logger.
[09/23/23 20:36:00] crowsnest: Dependency: 'xargs' found in /usr/bin/xargs.
[09/23/23 20:36:00] crowsnest: Dependency: 'ffmpeg' found in /usr/bin/ffmpeg.
[09/23/23 20:36:00] crowsnest: Dependency: 'ustreamer' found in bin/ustreamer/ustreamer.
[09/23/23 20:36:00] crowsnest: Dependency: 'rtsp-simple-server' found in bin/rtsp-simple-server/rtsp-simple-server.
[09/23/23 20:36:00] crowsnest: INFO: Detect available Devices
[09/23/23 20:36:00] crowsnest: INFO: Found 1 total available Device(s)
[09/23/23 20:36:00] crowsnest: INFO: Found 1 available camera(s)
[09/23/23 20:36:00] crowsnest: /dev/v4l/by-id/usb-046d_HD_Pro_Webcam_C920_1BCCE9AF-video-index0 -> /dev/video0
[09/23/23 20:36:00] crowsnest: INFO: No usable CSI Devices found.
[09/23/23 20:36:00] crowsnest: V4L2 Control: Device: [cam 1]
[09/23/23 20:36:00] crowsnest: V4L2 Control: Options: focus_auto=0,power_line_frequency=1,exposure_auto_priority=0,exposure_auto=3,sharpness=200,white_balance_temperature_auto=1
[09/23/23 20:36:01] crowsnest: Try to start configured Cams / Services...
[09/23/23 20:36:01] crowsnest: INFO: Configuration of Section [cam 1] looks good. Continue...
[09/23/23 20:36:02] crowsnest: Starting ustreamer with Device /dev/video0 ...
[09/23/23 20:36:03] crowsnest: ... Done!
[09/24/23 04:52:37] crowsnest: Shutdown or Killed by User!
[09/24/23 04:52:37] crowsnest: Please come again :)
[09/24/23 04:52:37] crowsnest: Goodbye...
[09/24/23 04:52:57] crowsnest: crowsnest - A webcam Service for multiple Cams and Stream Services.
[09/24/23 04:52:57] crowsnest: Version: v3.0.7-4-g0bdc1bc
[09/24/23 04:52:57] crowsnest: Prepare Startup ...
[09/24/23 04:52:57] crowsnest: INFO: Checking Dependencys
[09/24/23 04:52:57] crowsnest: Dependency: 'crudini' found in /usr/bin/crudini.
[09/24/23 04:52:57] crowsnest: Dependency: 'find' found in /usr/bin/find.
[09/24/23 04:52:57] crowsnest: Dependency: 'logger' found in /usr/bin/logger.
[09/24/23 04:52:57] crowsnest: Dependency: 'xargs' found in /usr/bin/xargs.
[09/24/23 04:52:57] crowsnest: Dependency: 'ffmpeg' found in /usr/bin/ffmpeg.
[09/24/23 04:52:57] crowsnest: Dependency: 'ustreamer' found in bin/ustreamer/ustreamer.
[09/24/23 04:52:57] crowsnest: Dependency: 'rtsp-simple-server' found in bin/rtsp-simple-server/rtsp-simple-server.
[09/24/23 04:52:57] crowsnest: INFO: Detect available Devices
[09/24/23 04:52:58] crowsnest: INFO: Found 1 total available Device(s)
[09/24/23 04:52:58] crowsnest: INFO: Found 1 available camera(s)
[09/24/23 04:52:58] crowsnest: /dev/v4l/by-id/usb-046d_HD_Pro_Webcam_C920_1BCCE9AF-video-index0 -> /dev/video0
[09/24/23 04:52:58] crowsnest: INFO: No usable CSI Devices found.
[09/24/23 04:52:58] crowsnest: V4L2 Control: Device: [cam 1]
[09/24/23 04:52:58] crowsnest: V4L2 Control: Options: focus_auto=0,power_line_frequency=1,exposure_auto_priority=0,exposure_auto=3,sharpness=200,white_balance_temperature_auto=1
[09/24/23 04:53:00] crowsnest: Try to start configured Cams / Services...
[09/24/23 04:53:00] crowsnest: INFO: Configuration of Section [cam 1] looks good. Continue...
[09/24/23 04:53:01] crowsnest: Starting ustreamer with Device /dev/video0 ...
[09/24/23 04:53:02] crowsnest: ... Done!
[09/24/23 06:28:18] crowsnest: Shutdown or Killed by User!
[09/24/23 06:28:18] crowsnest: Please come again :)
[09/24/23 06:28:18] crowsnest: Goodbye...
[09/24/23 06:28:37] crowsnest: crowsnest - A webcam Service for multiple Cams and Stream Services.
[09/24/23 06:28:37] crowsnest: Version: v3.0.7-4-g0bdc1bc
[09/24/23 06:28:37] crowsnest: Prepare Startup ...
[09/24/23 06:28:38] crowsnest: INFO: Checking Dependencys
[09/24/23 06:28:38] crowsnest: Dependency: 'crudini' found in /usr/bin/crudini.
[09/24/23 06:28:38] crowsnest: Dependency: 'find' found in /usr/bin/find.
[09/24/23 06:28:38] crowsnest: Dependency: 'logger' found in /usr/bin/logger.
[09/24/23 06:28:38] crowsnest: Dependency: 'xargs' found in /usr/bin/xargs.
[09/24/23 06:28:38] crowsnest: Dependency: 'ffmpeg' found in /usr/bin/ffmpeg.
[09/24/23 06:28:38] crowsnest: Dependency: 'ustreamer' found in bin/ustreamer/ustreamer.
[09/24/23 06:28:38] crowsnest: Dependency: 'rtsp-simple-server' found in bin/rtsp-simple-server/rtsp-simple-server.
[09/24/23 06:28:38] crowsnest: INFO: Detect available Devices
[09/24/23 06:28:38] crowsnest: INFO: Found 1 total available Device(s)
[09/24/23 06:28:38] crowsnest: INFO: Found 1 available camera(s)
[09/24/23 06:28:38] crowsnest: /dev/v4l/by-id/usb-046d_HD_Pro_Webcam_C920_1BCCE9AF-video-index0 -> /dev/video0
[09/24/23 06:28:38] crowsnest: INFO: No usable CSI Devices found.
[09/24/23 06:28:39] crowsnest: V4L2 Control: Device: [cam 1]
[09/24/23 06:28:39] crowsnest: V4L2 Control: Options: focus_auto=0,power_line_frequency=1,exposure_auto_priority=0,exposure_auto=3,sharpness=200,white_balance_temperature_auto=1
[09/24/23 06:28:40] crowsnest: Try to start configured Cams / Services...
[09/24/23 06:28:41] crowsnest: INFO: Configuration of Section [cam 1] looks good. Continue...
[09/24/23 06:28:41] crowsnest: Starting ustreamer with Device /dev/video0 ...
[09/24/23 06:28:43] crowsnest: ... Done!
[09/25/23 14:00:42] crowsnest: Shutdown or Killed by User!
[09/25/23 14:00:42] crowsnest: Please come again :)
[09/25/23 14:00:42] crowsnest: Goodbye...
[09/25/23 14:01:03] crowsnest: crowsnest - A webcam Service for multiple Cams and Stream Services.
[09/25/23 14:01:04] crowsnest: Version: v3.0.7-4-g0bdc1bc
[09/25/23 14:01:04] crowsnest: Prepare Startup ...
[09/25/23 14:01:04] crowsnest: INFO: Checking Dependencys
[09/25/23 14:01:04] crowsnest: Dependency: 'crudini' found in /usr/bin/crudini.
[09/25/23 14:01:04] crowsnest: Dependency: 'find' found in /usr/bin/find.
[09/25/23 14:01:04] crowsnest: Dependency: 'logger' found in /usr/bin/logger.
[09/25/23 14:01:04] crowsnest: Dependency: 'xargs' found in /usr/bin/xargs.
[09/25/23 14:01:04] crowsnest: Dependency: 'ffmpeg' found in /usr/bin/ffmpeg.
[09/25/23 14:01:04] crowsnest: Dependency: 'ustreamer' found in bin/ustreamer/ustreamer.
[09/25/23 14:01:04] crowsnest: Dependency: 'rtsp-simple-server' found in bin/rtsp-simple-server/rtsp-simple-server.
[09/25/23 14:01:04] crowsnest: INFO: Detect available Devices
[09/25/23 14:01:05] crowsnest: INFO: Found 1 total available Device(s)
[09/25/23 14:01:05] crowsnest: INFO: Found 1 available camera(s)
[09/25/23 14:01:05] crowsnest: /dev/v4l/by-id/usb-046d_HD_Pro_Webcam_C920_1BCCE9AF-video-index0 -> /dev/video0
[09/25/23 14:01:05] crowsnest: INFO: No usable CSI Devices found.
[09/25/23 14:01:05] crowsnest: V4L2 Control: Device: [cam 1]
[09/25/23 14:01:05] crowsnest: V4L2 Control: Options: focus_auto=0,power_line_frequency=1,exposure_auto_priority=0,exposure_auto=3,sharpness=200,white_balance_temperature_auto=1
[09/25/23 14:01:07] crowsnest: Try to start configured Cams / Services...
[09/25/23 14:01:07] crowsnest: INFO: Configuration of Section [cam 1] looks good. Continue...
[09/25/23 14:01:08] crowsnest: Starting ustreamer with Device /dev/video0 ...
[09/25/23 14:01:09] crowsnest: ... Done!
[09/30/23 13:16:32] crowsnest: Shutdown or Killed by User!
[09/30/23 13:16:32] crowsnest: Please come again :)
[09/30/23 13:16:32] crowsnest: Goodbye...
[09/30/23 13:16:52] crowsnest: crowsnest - A webcam Service for multiple Cams and Stream Services.
[09/30/23 13:16:52] crowsnest: Version: v3.0.7-4-g0bdc1bc
[09/30/23 13:16:52] crowsnest: Prepare Startup ...
[09/30/23 13:16:52] crowsnest: INFO: Checking Dependencys
[09/30/23 13:16:52] crowsnest: Dependency: 'crudini' found in /usr/bin/crudini.
[09/30/23 13:16:52] crowsnest: Dependency: 'find' found in /usr/bin/find.
[09/30/23 13:16:53] crowsnest: Dependency: 'logger' found in /usr/bin/logger.
[09/30/23 13:16:53] crowsnest: Dependency: 'xargs' found in /usr/bin/xargs.
[09/30/23 13:16:53] crowsnest: Dependency: 'ffmpeg' found in /usr/bin/ffmpeg.
[09/30/23 13:16:53] crowsnest: Dependency: 'ustreamer' found in bin/ustreamer/ustreamer.
[09/30/23 13:16:53] crowsnest: Dependency: 'rtsp-simple-server' found in bin/rtsp-simple-server/rtsp-simple-server.
[09/30/23 13:16:53] crowsnest: INFO: Detect available Devices
[09/30/23 13:16:53] crowsnest: INFO: Found 1 total available Device(s)
[09/30/23 13:16:53] crowsnest: INFO: Found 1 available camera(s)
[09/30/23 13:16:53] crowsnest: /dev/v4l/by-id/usb-046d_HD_Pro_Webcam_C920_1BCCE9AF-video-index0 -> /dev/video0
[09/30/23 13:16:53] crowsnest: INFO: No usable CSI Devices found.
[09/30/23 13:16:54] crowsnest: V4L2 Control: Device: [cam 1]
[09/30/23 13:16:54] crowsnest: V4L2 Control: Options: focus_auto=0,power_line_frequency=1,exposure_auto_priority=0,exposure_auto=3,sharpness=200,white_balance_temperature_auto=1
[09/30/23 13:16:55] crowsnest: Try to start configured Cams / Services...
[09/30/23 13:16:56] crowsnest: INFO: Configuration of Section [cam 1] looks good. Continue...
[09/30/23 13:16:56] crowsnest: Starting ustreamer with Device /dev/video0 ...
[09/30/23 13:16:58] crowsnest: ... Done!
[10/21/23 17:27:37] crowsnest: Shutdown or Killed by User!
[10/21/23 17:27:37] crowsnest: Please come again :)
[10/21/23 17:27:37] crowsnest: Goodbye...
[10/21/23 17:27:57] crowsnest: crowsnest - A webcam Service for multiple Cams and Stream Services.
[10/21/23 17:27:57] crowsnest: Version: v3.0.7-4-g0bdc1bc
[10/21/23 17:27:57] crowsnest: Prepare Startup ...
[10/21/23 17:27:57] crowsnest: INFO: Checking Dependencys
[10/21/23 17:27:57] crowsnest: Dependency: 'crudini' found in /usr/bin/crudini.
[10/21/23 17:27:57] crowsnest: Dependency: 'find' found in /usr/bin/find.
[10/21/23 17:27:57] crowsnest: Dependency: 'logger' found in /usr/bin/logger.
[10/21/23 17:27:57] crowsnest: Dependency: 'xargs' found in /usr/bin/xargs.
[10/21/23 17:27:57] crowsnest: Dependency: 'ffmpeg' found in /usr/bin/ffmpeg.
[10/21/23 17:27:57] crowsnest: Dependency: 'ustreamer' found in bin/ustreamer/ustreamer.
[10/21/23 17:27:57] crowsnest: Dependency: 'rtsp-simple-server' found in bin/rtsp-simple-server/rtsp-simple-server.
[10/21/23 17:27:57] crowsnest: INFO: Detect available Devices
[10/21/23 17:27:58] crowsnest: INFO: Found 1 total available Device(s)
[10/21/23 17:27:58] crowsnest: INFO: Found 1 available camera(s)
[10/21/23 17:27:58] crowsnest: /dev/v4l/by-id/usb-046d_HD_Pro_Webcam_C920_1BCCE9AF-video-index0 -> /dev/video0
[10/21/23 17:27:58] crowsnest: INFO: No usable CSI Devices found.
[10/21/23 17:27:58] crowsnest: V4L2 Control: Device: [cam 1]
[10/21/23 17:27:58] crowsnest: V4L2 Control: Options: focus_auto=0,power_line_frequency=1,exposure_auto_priority=0,exposure_auto=3,sharpness=200,white_balance_temperature_auto=1
[10/21/23 17:28:00] crowsnest: Try to start configured Cams / Services...
[10/21/23 17:28:00] crowsnest: INFO: Configuration of Section [cam 1] looks good. Continue...
[10/21/23 17:28:01] crowsnest: Starting ustreamer with Device /dev/video0 ...
[10/21/23 17:28:02] crowsnest: ... Done!
